/*C18*/SET SCHEMA PUBLIC
CREATE TABLE IF NOT EXISTS GAMES(id INTEGER, title VARCHAR(32) NOT NULL, platform VARCHAR(32) NOT NULL, year VARCHAR(32), price VARCHAR(32))
DISCONNECT
/*C19*/SET SCHEMA PUBLIC
CREATE TABLE IF NOT EXISTS GAMES(id INTEGER, title VARCHAR(32) NOT NULL, platform VARCHAR(32) NOT NULL, year VARCHAR(32), price VARCHAR(32))
/*C20*/SET SCHEMA PUBLIC
CREATE TABLE IF NOT EXISTS GAMES(id INTEGER, title VARCHAR(32) NOT NULL, platform VARCHAR(32) NOT NULL, year VARCHAR(32), price VARCHAR(32))
DISCONNECT
/*C19*/DISCONNECT
/*C21*/SET SCHEMA PUBLIC
CREATE TABLE IF NOT EXISTS GAMES(id INTEGER, title VARCHAR(32) NOT NULL, platform VARCHAR(32) NOT NULL, year VARCHAR(32), price VARCHAR(32))
DISCONNECT
/*C22*/SET SCHEMA PUBLIC
CREATE TABLE IF NOT EXISTS GAMES(id INTEGER, title VARCHAR(32) NOT NULL, platform VARCHAR(32) NOT NULL, year VARCHAR(32), price VARCHAR(32))
DISCONNECT
/*C23*/SET SCHEMA PUBLIC
CREATE TABLE IF NOT EXISTS GAMES(id INTEGER, title VARCHAR(32) NOT NULL, platform VARCHAR(32) NOT NULL, year VARCHAR(32), price VARCHAR(32))
/*C24*/SET SCHEMA PUBLIC
CREATE TABLE IF NOT EXISTS GAMES(id INTEGER, title VARCHAR(32) NOT NULL, platform VARCHAR(32) NOT NULL, year VARCHAR(32), price VARCHAR(32))
/*C23*/DISCONNECT
/*C24*/DISCONNECT
/*C25*/SET SCHEMA PUBLIC
CREATE TABLE IF NOT EXISTS GAMES(id INTEGER, title VARCHAR(32) NOT NULL, platform VARCHAR(32) NOT NULL, year VARCHAR(32), price VARCHAR(32))
DISCONNECT
/*C26*/SET SCHEMA PUBLIC
CREATE TABLE IF NOT EXISTS GAMES(id INTEGER, title VARCHAR(32) NOT NULL, platform VARCHAR(32) NOT NULL, year VARCHAR(32), price VARCHAR(32))
DISCONNECT
/*C27*/SET SCHEMA PUBLIC
CREATE TABLE IF NOT EXISTS GAMES(id INTEGER, title VARCHAR(32) NOT NULL, platform VARCHAR(32) NOT NULL, year VARCHAR(32), price VARCHAR(32))
/*C28*/SET SCHEMA PUBLIC
CREATE TABLE IF NOT EXISTS GAMES(id INTEGER, title VARCHAR(32) NOT NULL, platform VARCHAR(32) NOT NULL, year VARCHAR(32), price VARCHAR(32))
INSERT INTO GAMES VALUES(3,'Radical Heights','PC','2018','20')
COMMIT
/*C27*/DISCONNECT
/*C28*/DISCONNECT
/*C29*/SET SCHEMA PUBLIC
CREATE TABLE IF NOT EXISTS GAMES(id INTEGER, title VARCHAR(32) NOT NULL, platform VARCHAR(32) NOT NULL, year VARCHAR(32), price VARCHAR(32))
/*C30*/SET SCHEMA PUBLIC
CREATE TABLE IF NOT EXISTS GAMES(id INTEGER, title VARCHAR(32) NOT NULL, platform VARCHAR(32) NOT NULL, year VARCHAR(32), price VARCHAR(32))
/*C29*/DISCONNECT
/*C30*/DISCONNECT
/*C31*/SET SCHEMA PUBLIC
CREATE TABLE IF NOT EXISTS GAMES(id INTEGER, title VARCHAR(32) NOT NULL, platform VARCHAR(32) NOT NULL, year VARCHAR(32), price VARCHAR(32))
DISCONNECT
/*C32*/SET SCHEMA PUBLIC
CREATE TABLE IF NOT EXISTS GAMES(id INTEGER, title VARCHAR(32) NOT NULL, platform VARCHAR(32) NOT NULL, year VARCHAR(32), price VARCHAR(32))
DISCONNECT
/*C33*/SET SCHEMA PUBLIC
CREATE TABLE IF NOT EXISTS GAMES(id INTEGER, title VARCHAR(32) NOT NULL, platform VARCHAR(32) NOT NULL, year VARCHAR(32), price VARCHAR(32))
INSERT INTO GAMES VALUES(5,'Simpsons Hit & Run','PS2','2002','10')
COMMIT
DISCONNECT
/*C34*/SET SCHEMA PUBLIC
CREATE TABLE IF NOT EXISTS GAMES(id INTEGER, title VARCHAR(32) NOT NULL, platform VARCHAR(32) NOT NULL, year VARCHAR(32), price VARCHAR(32))
DISCONNECT
/*C35*/SET SCHEMA PUBLIC
CREATE TABLE IF NOT EXISTS GAMES(id INTEGER, title VARCHAR(32) NOT NULL, platform VARCHAR(32) NOT NULL, year VARCHAR(32), price VARCHAR(32))
/*C36*/SET SCHEMA PUBLIC
CREATE TABLE IF NOT EXISTS GAMES(id INTEGER, title VARCHAR(32) NOT NULL, platform VARCHAR(32) NOT NULL, year VARCHAR(32), price VARCHAR(32))
/*C37*/SET SCHEMA PUBLIC
CREATE TABLE IF NOT EXISTS GAMES(id INTEGER, title VARCHAR(32) NOT NULL, platform VARCHAR(32) NOT NULL, year VARCHAR(32), price VARCHAR(32))
/*C38*/SET SCHEMA PUBLIC
CREATE TABLE IF NOT EXISTS GAMES(id INTEGER, title VARCHAR(32) NOT NULL, platform VARCHAR(32) NOT NULL, year VARCHAR(32), price VARCHAR(32))
/*C39*/SET SCHEMA PUBLIC
CREATE TABLE IF NOT EXISTS GAMES(id INTEGER, title VARCHAR(32) NOT NULL, platform VARCHAR(32) NOT NULL, year VARCHAR(32), price VARCHAR(32))
/*C40*/SET SCHEMA PUBLIC
CREATE TABLE IF NOT EXISTS GAMES(id INTEGER, title VARCHAR(32) NOT NULL, platform VARCHAR(32) NOT NULL, year VARCHAR(32), price VARCHAR(32))
/*C41*/SET SCHEMA PUBLIC
CREATE TABLE IF NOT EXISTS GAMES(id INTEGER, title VARCHAR(32) NOT NULL, platform VARCHAR(32) NOT NULL, year VARCHAR(32), price VARCHAR(32))
/*C42*/SET SCHEMA PUBLIC
CREATE TABLE IF NOT EXISTS GAMES(id INTEGER, title VARCHAR(32) NOT NULL, platform VARCHAR(32) NOT NULL, year VARCHAR(32), price VARCHAR(32))
/*C43*/SET SCHEMA PUBLIC
CREATE TABLE IF NOT EXISTS GAMES(id INTEGER, title VARCHAR(32) NOT NULL, platform VARCHAR(32) NOT NULL, year VARCHAR(32), price VARCHAR(32))
/*C44*/SET SCHEMA PUBLIC
CREATE TABLE IF NOT EXISTS GAMES(id INTEGER, title VARCHAR(32) NOT NULL, platform VARCHAR(32) NOT NULL, year VARCHAR(32), price VARCHAR(32))
/*C45*/SET SCHEMA PUBLIC
CREATE TABLE IF NOT EXISTS GAMES(id INTEGER, title VARCHAR(32) NOT NULL, platform VARCHAR(32) NOT NULL, year VARCHAR(32), price VARCHAR(32))
/*C37*/DISCONNECT
/*C40*/DISCONNECT
/*C42*/DISCONNECT
/*C44*/DISCONNECT
/*C36*/DISCONNECT
/*C43*/DISCONNECT
/*C41*/DISCONNECT
/*C35*/DISCONNECT
/*C38*/DISCONNECT
/*C45*/DISCONNECT
/*C39*/DISCONNECT
/*C17*/SET SCHEMA PUBLIC
DISCONNECT
